<?xml version="1.0" encoding="UTF-8"?>
<testng-results ignored="0" total="1" passed="1" failed="0" skipped="0">
  <reporter-output>
  </reporter-output>
  <suite started-at="2025-02-01T13:55:35 IST" name="CucumberTestRunnerSuite" finished-at="2025-02-01T13:55:56 IST" duration-ms="20735">
    <groups>
      <group name="cucumber">
        <method signature="AbstractTestNGCucumberTests.runScenario(io.cucumber.testng.PickleWrapper,io.cucumber.testng.FeatureWrapper)[pri:0, instance:Runner.TestNGCucumberRunner@6f4a47c7]" name="runScenario" class="io.cucumber.testng.AbstractTestNGCucumberTests"/>
      </group> <!-- cucumber -->
    </groups>
    <test started-at="2025-02-01T13:55:35 IST" name="CucumberTestRunnerTest" finished-at="2025-02-01T13:55:56 IST" duration-ms="20735">
      <class name="Runner.TestNGCucumberRunner">
        <test-method is-config="true" signature="setUpClass(org.testng.ITestContext)[pri:0, instance:Runner.TestNGCucumberRunner@6f4a47c7]" started-at="2025-02-01T13:55:35 IST" name="setUpClass" finished-at="2025-02-01T13:55:36 IST" duration-ms="1019" status="PASS">
          <params>
            <param index="0">
              <value>
                <![CDATA[org.testng.TestRunner@2eaef76d]]>
              </value>
            </param>
          </params>
          <reporter-output>
          </reporter-output>
        </test-method> <!-- setUpClass -->
        <test-method signature="runScenario(io.cucumber.testng.PickleWrapper,io.cucumber.testng.FeatureWrapper)[pri:0, instance:Runner.TestNGCucumberRunner@6f4a47c7]" started-at="2025-02-01T13:55:36 IST" name="runScenario" description="Runs Cucumber Scenarios" data-provider="scenarios" finished-at="2025-02-01T13:55:56 IST" duration-ms="19588" status="PASS">
          <params>
            <param index="0">
              <value>
                <![CDATA["Validate the Login fuctionality of DemoWebshop"]]>
              </value>
            </param>
            <param index="1">
              <value>
                <![CDATA["Login Functionality"]]>
              </value>
            </param>
          </params>
          <reporter-output>
          </reporter-output>
        </test-method> <!-- runScenario -->
        <test-method is-config="true" signature="tearDownClass()[pri:0, instance:Runner.TestNGCucumberRunner@6f4a47c7]" started-at="2025-02-01T13:55:56 IST" name="tearDownClass" finished-at="2025-02-01T13:55:56 IST" duration-ms="43" status="PASS">
          <reporter-output>
          </reporter-output>
        </test-method> <!-- tearDownClass -->
      </class> <!-- Runner.TestNGCucumberRunner -->
    </test> <!-- CucumberTestRunnerTest -->
  </suite> <!-- CucumberTestRunnerSuite -->
</testng-results>
